C:\Program Files\Microsoft Visual Studio\2022\Community\MSBuild\Microsoft\VC\v170\Microsoft.CppBuild.targets(499,5): warning MSB8004: Intermediate Directory does not end with a trailing slash.  This build instance will add the slash as it is required to allow proper evaluation of the Intermediate Directory.
C:\Program Files\Microsoft Visual Studio\2022\Community\MSBuild\Microsoft\VC\v170\Microsoft.CppBuild.targets(500,5): warning MSB8004: Output Directory does not end with a trailing slash.  This build instance will add the slash as it is required to allow proper evaluation of the Output Directory.
  main.cpp
D:\Programming\CG\small-software-rasterizer\small-software-rasterizer\small-software-rasterizer\rasterizer\src\main.cpp(22,11): warning C4244: 'initializing': conversion from 't' to 'int', possible loss of data
          with
          [
              t=float
          ]
D:\Programming\CG\small-software-rasterizer\small-software-rasterizer\small-software-rasterizer\rasterizer\src\main.cpp(23,11): warning C4244: 'initializing': conversion from 't' to 'int', possible loss of data
          with
          [
              t=float
          ]
D:\Programming\CG\small-software-rasterizer\small-software-rasterizer\small-software-rasterizer\rasterizer\src\main.cpp(24,11): warning C4244: 'initializing': conversion from 't' to 'int', possible loss of data
          with
          [
              t=float
          ]
D:\Programming\CG\small-software-rasterizer\small-software-rasterizer\small-software-rasterizer\rasterizer\src\main.cpp(25,11): warning C4244: 'initializing': conversion from 't' to 'int', possible loss of data
          with
          [
              t=float
          ]
  rasterizer.vcxproj -> D:\Programming\CG\small-software-rasterizer\small-software-rasterizer\small-software-rasterizer\bin\Win32\rasterizer.exe
